{"uuid":"b522817a-941d-4248-9c6f-bbf2413cca79","historyId":"fc617c81f2e2cf1d8dce6f05164abfb4","fullName":"testCases.LoginTest.unSuccessfulLoginInvalidPass","labels":[{"name":"package","value":"testCases.LoginTest"},{"name":"testClass","value":"testCases.LoginTest"},{"name":"testMethod","value":"unSuccessfulLoginInvalidPass"},{"name":"parentSuite","value":"Default Suite"},{"name":"suite","value":"TrolleyPOS_AutomationTest"},{"name":"subSuite","value":"testCases.LoginTest"},{"name":"host","value":"Mekko"},{"name":"thread","value":"2280@Mekko.main(1)"},{"name":"framework","value":"testng"},{"name":"language","value":"java"}],"links":[],"name":"unSuccessfulLoginInvalidPass","status":"skipped","statusDetails":{"known":false,"muted":false,"flaky":false,"message":"Unable to obtain: msedgedriver, error Illegal character [:] in path at index 3: //D:\\TrolleyPOS_AutomationTest\\src\\test\\resources\\msedgedriver.exe\nFor documentation on this error, please visit: https://www.selenium.dev/documentation/webdriver/troubleshooting/errors/driver_location/\nBuild info: version: '4.29.0', revision: '5fc1ec94cb'\nSystem info: os.name: 'Windows 11', os.arch: 'amd64', os.version: '10.0', java.version: '17.0.10'\nDriver info: driver.version: EdgeDriver","trace":"org.openqa.selenium.remote.NoSuchDriverException: Unable to obtain: msedgedriver, error Illegal character [:] in path at index 3: //D:\\TrolleyPOS_AutomationTest\\src\\test\\resources\\msedgedriver.exe\nFor documentation on this error, please visit: https://www.selenium.dev/documentation/webdriver/troubleshooting/errors/driver_location/\nBuild info: version: '4.29.0', revision: '5fc1ec94cb'\nSystem info: os.name: 'Windows 11', os.arch: 'amd64', os.version: '10.0', java.version: '17.0.10'\nDriver info: driver.version: EdgeDriver\r\n\tat org.openqa.selenium.remote.service.DriverFinder.getBinaryPaths(DriverFinder.java:121)\r\n\tat org.openqa.selenium.remote.service.DriverFinder.getDriverPath(DriverFinder.java:55)\r\n\tat org.openqa.selenium.edge.EdgeDriver.generateExecutor(EdgeDriver.java:71)\r\n\tat org.openqa.selenium.edge.EdgeDriver.<init>(EdgeDriver.java:60)\r\n\tat org.openqa.selenium.edge.EdgeDriver.<init>(EdgeDriver.java:56)\r\n\tat org.openqa.selenium.edge.EdgeDriver.<init>(EdgeDriver.java:48)\r\n\tat org.openqa.selenium.edge.EdgeDriver.<init>(EdgeDriver.java:44)\r\n\tat Factory.DriverFactory.createInstance(DriverFactory.java:67)\r\n\tat base.BaseTest.setupDriver(BaseTest.java:20)\r\n\tat java.base/jdk.internal.reflect.NativeMethodAccessorImpl.invoke0(Native Method)\r\n\tat java.base/jdk.internal.reflect.NativeMethodAccessorImpl.invoke(NativeMethodAccessorImpl.java:77)\r\n\tat java.base/jdk.internal.reflect.DelegatingMethodAccessorImpl.invoke(DelegatingMethodAccessorImpl.java:43)\r\n\tat java.base/java.lang.reflect.Method.invoke(Method.java:568)\r\n\tat org.testng.internal.invokers.MethodInvocationHelper.invokeMethod(MethodInvocationHelper.java:141)\r\n\tat org.testng.internal.invokers.MethodInvocationHelper.invokeMethodConsideringTimeout(MethodInvocationHelper.java:71)\r\n\tat org.testng.internal.invokers.ConfigInvoker.invokeConfigurationMethod(ConfigInvoker.java:400)\r\n\tat org.testng.internal.invokers.ConfigInvoker.invokeConfigurations(ConfigInvoker.java:333)\r\n\tat org.testng.SuiteRunner.privateRun(SuiteRunner.java:358)\r\n\tat org.testng.SuiteRunner.run(SuiteRunner.java:312)\r\n\tat org.testng.SuiteRunnerWorker.runSuite(SuiteRunnerWorker.java:52)\r\n\tat org.testng.SuiteRunnerWorker.run(SuiteRunnerWorker.java:95)\r\n\tat org.testng.TestNG.runSuitesSequentially(TestNG.java:1274)\r\n\tat org.testng.TestNG.runSuitesLocally(TestNG.java:1208)\r\n\tat org.testng.TestNG.runSuites(TestNG.java:1112)\r\n\tat org.testng.TestNG.run(TestNG.java:1079)\r\n\tat com.intellij.rt.testng.IDEARemoteTestNG.run(IDEARemoteTestNG.java:65)\r\n\tat com.intellij.rt.testng.RemoteTestNGStarter.main(RemoteTestNGStarter.java:105)\r\nCaused by: java.nio.file.InvalidPathException: Illegal character [:] in path at index 3: //D:\\TrolleyPOS_AutomationTest\\src\\test\\resources\\msedgedriver.exe\r\n\tat java.base/sun.nio.fs.WindowsPathParser.nextSlash(WindowsPathParser.java:212)\r\n\tat java.base/sun.nio.fs.WindowsPathParser.parse(WindowsPathParser.java:111)\r\n\tat java.base/sun.nio.fs.WindowsPathParser.parse(WindowsPathParser.java:77)\r\n\tat java.base/sun.nio.fs.WindowsPath.parse(WindowsPath.java:92)\r\n\tat java.base/sun.nio.fs.WindowsFileSystem.getPath(WindowsFileSystem.java:232)\r\n\tat java.base/java.nio.file.Path.of(Path.java:147)\r\n\tat org.openqa.selenium.remote.service.DriverFinder.getBinaryPaths(DriverFinder.java:118)\r\n\t... 26 more\r\n"},"stage":"finished","description":"Login using Invalid password","steps":[],"attachments":[],"parameters":[],"start":1755157816023,"stop":1755157816036}